[20260705-125932] [INFO] [health] Health server started on port 8080
[20260705-125932] [DEBUG] [platform] Stripchat API status: 200
[20260705-125932] [INFO] [monitor.Minakshi-Gi] [Minakshi-Gi] OFFLINE
[20260705-125932] [DEBUG] [platform] Stripchat API status: 200
[20260705-125932] [INFO] [monitor.Meav_] [Meav_] OFFLINE
[20260705-125932] [DEBUG] [platform] Stripchat API status: 200
[20260705-125932] [INFO] [monitor.xoxoashi] [xoxoashi] OFFLINE
[20260705-125932] [DEBUG] [platform] Stripchat API status: 200
[20260705-125932] [INFO] [monitor.yoga_session] [yoga_session] OFFLINE
[20260705-125932] [DEBUG] [platform] Stripchat API status: 200
[20260705-125932] [INFO] [monitor.Ada-19] [Ada-19] OFFLINE
[20260705-125932] [DEBUG] [platform] Stripchat API status: 200
[20260705-125932] [INFO] [monitor.Priyanka011] [Priyanka011] OFFLINE
[20260705-125932] [DEBUG] [platform] Stripchat API status: 200
[20260705-125932] [INFO] [monitor.DaizyDanny] [DaizyDanny] OFFLINE
[20260705-125932] [DEBUG] [platform] Stripchat API status: 200
[20260705-125932] [INFO] [monitor.Swetie_Priyaaaaa] [Swetie_Priyaaaaa] OFFLINE
[20260705-125932] [DEBUG] [platform] Stripchat API status: 200
[20260705-125932] [INFO] [monitor.soin18] [soin18] OFFLINE
[20260705-125932] [DEBUG] [platform] Stripchat API status: 404
[20260705-125932] [INFO] [monitor.test_model_new] [test_model_new] OFFLINE
[20260705-125933] [DEBUG] [platform] Stripchat API status: 200
[20260705-125933] [INFO] [monitor.ekta_767] [ekta_767] OFFLINE
[20260705-125945] [INFO] [ctbcap] Shutting down...
[20260705-125945] [INFO] [ctbcap] Shutdown complete
[20260705-125945] [INFO] [ctbcap] Shutting down...
[20260705-125945] [INFO] [ctbcap] Shutdown complete
[20260705-125946] [INFO] [ctbcap] Shutting down...
[20260705-125946] [INFO] [ctbcap] Shutdown complete
[20260705-125946] [INFO] [ctbcap] Shutting down...
[20260705-125946] [INFO] [ctbcap] Shutdown complete
[20260705-125946] [INFO] [ctbcap] Shutting down...
[20260705-125946] [INFO] [ctbcap] Shutdown complete
[20260705-125947] [INFO] [ctbcap] Shutting down...
[20260705-125947] [INFO] [ctbcap] Shutdown complete
[20260705-125947] [INFO] [ctbcap] Shutting down...
[20260705-125947] [INFO] [ctbcap] Shutdown complete
[20260705-125947] [INFO] [ctbcap] Shutting down...
[20260705-125947] [INFO] [ctbcap] Shutdown complete
[20260705-125949] [INFO] [ctbcap] Shutting down...
[20260705-125949] [INFO] [ctbcap] Shutdown complete
[20260705-125950] [INFO] [ctbcap] Shutting down...
[20260705-125950] [INFO] [ctbcap] Shutdown complete
